TN:
SF:/usr/include/x86_64-linux-gnu/bits/stdio2.h
DA:36,1
DA:38,1
DA:103,0
DA:105,0
DA:110,0
DA:112,0
end_of_record
SF:/home/forward/class/SoftwareAnalyze/hw5/huff.c
FN:8,main
FNDA:1,main
FN:92,construct_tnode
FNDA:0,construct_tnode
FN:101,init_minheap
FNDA:1,init_minheap
FN:109,insert_tnode
FNDA:76,insert_tnode
FN:119,swap_tnode
FNDA:0,swap_tnode
FN:126,heapify
FNDA:188,heapify
FN:143,delete_tnode
FNDA:151,delete_tnode
FN:151,construct_minheap
FNDA:1,construct_minheap
FN:164,huffman_tree
FNDA:1,huffman_tree
FN:180,InorderPrint
FNDA:0,InorderPrint
FN:189,find_sequence
FNDA:49095830,find_sequence
FN:218,print_tree
FNDA:76,print_tree
FN:234,write_bits
FNDA:3974710,write_bits
DA:8,1
DA:9,1
DA:10,1
DA:11,1
DA:12,1
DA:13,1
DA:14,1
DA:16,1
DA:19,1
DA:20,0
DA:22,0
DA:25,1
DA:26,1
DA:27,1
DA:28,1
DA:30,1
DA:31,1
DA:32,1
DA:33,1
DA:34,628143
DA:35,628141
DA:36,628141
DA:37,75
DA:38,75
DA:41,257
DA:43,256
DA:44,75
DA:45,75
DA:46,75
DA:51,1
DA:52,1
DA:53,1
DA:54,1
DA:55,1
DA:57,1
DA:58,1
DA:59,1
DA:60,1
DA:61,1
DA:62,1
DA:63,1
DA:64,1
DA:65,1
DA:66,628142
DA:67,628141
DA:68,628141
DA:69,628141
DA:72,1
DA:73,1
DA:74,1
DA:75,1
DA:76,1
DA:77,1
DA:78,1
DA:79,1
DA:80,1
DA:81,1
DA:82,1
DA:83,1
DA:84,1
DA:86,1
DA:92,151
DA:93,151
DA:94,151
DA:95,151
DA:96,151
DA:97,151
DA:98,1
DA:101,1
DA:102,1
DA:103,1
DA:104,1
DA:105,1
DA:109,76
DA:110,76
DA:111,76
DA:112,171
DA:113,95
DA:114,95
DA:116,76
DA:117,76
DA:119,552
DA:120,552
DA:121,552
DA:122,552
DA:123,0
DA:126,188
DA:127,740
DA:128,740
DA:129,740
DA:130,740
DA:131,512
DA:133,740
DA:134,235
DA:136,740
DA:137,552
DA:138,552
DA:141,188
DA:143,151
DA:144,151
DA:145,151
DA:146,151
DA:147,151
DA:148,151
DA:151,1
DA:152,1
DA:153,1
DA:154,77
DA:155,75
DA:157,1
DA:158,38
DA:159,37
DA:161,1
DA:164,1
DA:165,1
DA:166,1
DA:167,1
DA:169,76
DA:170,75
DA:171,75
DA:172,75
DA:173,75
DA:174,75
DA:175,75
DA:177,1
DA:180,0
DA:181,0
DA:182,0
DA:184,0
DA:185,0
DA:186,0
DA:189,49095830
DA:190,49095830
DA:191,46626226
DA:192,24233844
DA:193,24233844
DA:195,46626226
DA:196,24233844
DA:197,24233844
DA:200,46626226
DA:201,22392382
DA:202,620807
DA:203,620807
DA:204,4595290
DA:205,3974483
DA:206,1504879
DA:208,3974483
DA:209,2469604
DA:218,76
DA:219,151
DA:220,76
DA:222,76
DA:224,76
DA:226,75
DA:228,75
DA:229,75
DA:230,75
DA:234,3974710
DA:235,3974710
DA:237,3974710
DA:239,496829
DA:240,496829
DA:241,496829
DA:243,3974710
DA:244,2469683
DA:246,1505027
DA:247,1504955
DA:248,1504955
DA:251,72
DA:252,72
DA:253,72
DA:254,72
DA:255,72
DA:256,72
DA:257,72
DA:258,72
DA:265,3974710
end_of_record
